[COMP] repeat.scale
[RUN] repeat.scale
[PASS] repeat.scale
[COMP] cdecl.scale
[RUN] cdecl.scale
[PASS] cdecl.scale
[COMP] operators.scale
[RUN] operators.scale
[PASS] operators.scale
[COMP] oop.scale
[RUN] oop.scale
[FAIL] oop.scale
Compiler Output:
Scale Compiler version 3.4
Compiling examples/oop.scale...
Compiling Scale.framework/include/core.scale...
Compiling Scale.framework/include/io.scale...
Compiling Scale.framework/include/string.scale...
Compiling Scale.framework/include/util/array.scale...
Compiling Scale.framework/include/util/iterable.scale...
Compiling Scale.framework/include/debug.scale...
Compiling Scale.framework/include/fmt.scale...


[COMP] switch.scale
[RUN] switch.scale
[PASS] switch.scale
[COMP] for.scale
[RUN] for.scale
[PASS] for.scale
[COMP] arraysort.scale
[RUN] arraysort.scale
[FAIL] arraysort.scale
Compiler Output:
Scale Compiler version 3.4
Compiling examples/arraysort.scale...
Compiling Scale.framework/include/core.scale...
Compiling Scale.framework/include/io.scale...
Compiling Scale.framework/include/string.scale...
Compiling Scale.framework/include/util/array.scale...
Compiling Scale.framework/include/util/iterable.scale...
Compiling Scale.framework/include/debug.scale...
Compiling Scale.framework/include/fmt.scale...
Signal 11 received.
Error: No such file or directory


[COMP] for-step.scale
[RUN] for-step.scale
[PASS] for-step.scale
[COMP] data-type-literals.scale
[RUN] data-type-literals.scale
[PASS] data-type-literals.scale
[COMP] map.scale
[RUN] map.scale
[PASS] map.scale
[COMP] sizeof.scale
[RUN] sizeof.scale
[PASS] sizeof.scale
[COMP] foreach.scale
[RUN] foreach.scale
[FAIL] foreach.scale
Compiler Output:
Scale Compiler version 3.4
Compiling examples/foreach.scale...
Compiling Scale.framework/include/core.scale...
Compiling Scale.framework/include/io.scale...
Compiling Scale.framework/include/string.scale...
Compiling Scale.framework/include/util/array.scale...
Compiling Scale.framework/include/util/iterable.scale...
Compiling Scale.framework/include/debug.scale...
Compiling Scale.framework/include/fmt.scale...
Signal 11 received.
Error: No such file or directory
  0   sclc                                0x0000000100a5a728 _ZN4sclc11print_traceEv + 48
  1   sclc                                0x0000000100a5a870 _ZN4sclc13signalHandlerEi + 152
  2   libsystem_platform.dylib            0x00000001806572a4 _sigtramp + 56
  3   sclc                                0x0000000100a0b33c handleForeach + 7936
  4   sclc                                0x0000000100a08724 handleToken + 3372
  5   sclc                                0x0000000100a3b794 _ZN4sclc8ConvertC14writeFunctionsEP7__sFILERNSt3__16vectorINS_8FPResultENS3_9allocatorIS5_EEEES9_RNS4_INS_8VariableENS6_ISA_EEEENS_8TPResultE + 7704
  6   sclc                                0x00000001009ca734 _ZN4sclc6Parser5parseENSt3__112basic_stringIcNS1_11char_traitsIcEENS1_9allocatorIcEEEE + 1168
  7   sclc                                0x000000010096ce4c _ZN4sclc4mainENSt3__16vectorINS0_12basic_stringIcNS0_11char_traitsIcEENS0_9allocatorIcEEEENS5_IS7_EEEE + 44180
  8   sclc                                0x00000001009700c0 main + 288
  9   dyld                                0x00000001802ffe50 start + 2544


[COMP] struct.scale
[RUN] struct.scale
[PASS] struct.scale
[COMP] deref.scale
[RUN] deref.scale
[PASS] deref.scale
[COMP] if.scale
[RUN] if.scale
[PASS] if.scale
[COMP] label-goto.scale
[RUN] label-goto.scale
[PASS] label-goto.scale
[COMP] fizzbuzz.scale
[RUN] fizzbuzz.scale
[PASS] fizzbuzz.scale
[COMP] array-destructuring.scale
[RUN] array-destructuring.scale
[PASS] array-destructuring.scale
[COMP] hello.scale
[RUN] hello.scale
[PASS] hello.scale
[COMP] fib.scale
[RUN] fib.scale
[PASS] fib.scale
[COMP] while.scale
[RUN] while.scale
[PASS] while.scale
[COMP] arguments.scale
[RUN] arguments.scale
[PASS] arguments.scale
[COMP] variables.scale
[RUN] variables.scale
[PASS] variables.scale
[COMP] container.scale
[RUN] container.scale
[PASS] container.scale
Passed: 21/24
Failed: 3/24
Skipped: 0/24
